<?xml version="1.0" encoding="UTF-8"?>
<!-- Generated by org.testng.reporters.JUnitReportReporter -->
<testsuite skipped="0" hostname="N005171" name="HomePage_Search_Test" tests="6" failures="0" timestamp="18 Aug 2019 22:15:38 GMT" time="92.514" errors="0">
  <testcase name="SearchAddressTest" time="11.812" classname="HomePage_Search_Test"/>
  <testcase name="SearchAddressTest" time="14.649" classname="HomePage_Search_Test"/>
  <testcase name="SearchAddressTest" time="17.997" classname="HomePage_Search_Test"/>
  <testcase name="SearchAddressTest" time="11.696" classname="HomePage_Search_Test"/>
  <testcase name="SearchAddressTest" time="16.764" classname="HomePage_Search_Test"/>
  <testcase name="SearchAddressTest" time="19.596" classname="HomePage_Search_Test"/>
</testsuite> <!-- HomePage_Search_Test -->
